2017-07-01 22:37:45,092 [Worker-4] INFO  o.e.m.c.i.l.LifecycleMappingFactory - Using org.eclipse.m2e.jdt.JarLifecycleMapping lifecycle mapping for MavenProject: APITesting:com.org.api:0.0.1-SNAPSHOT @ C:\Users\RaghuSarik\APITesting\com.org.api\pom.xml.
2017-07-01 22:37:47,151 [Worker-4] INFO  o.e.m.j.i.AbstractJavaProjectConfigurator - Adding source folder /com.org.api/src/main/java
2017-07-01 22:37:47,153 [Worker-4] INFO  o.e.m.j.i.AbstractJavaProjectConfigurator - Adding source folder /com.org.api/src/test/java
2017-07-01 22:37:47,550 [Worker-8] INFO  o.e.m.c.i.l.LifecycleMappingFactory - Using org.eclipse.m2e.jdt.JarLifecycleMapping lifecycle mapping for MavenProject: APITesting:com.org.api:0.0.1-SNAPSHOT @ C:\Users\RaghuSarik\APITesting\com.org.api\pom.xml.
2017-07-01 22:37:47,567 [Worker-4] INFO  o.e.m.c.i.p.ProjectConfigurationManager - Imported and configured 1 project(s) in 5 sec
2017-07-01 22:37:50,032 [Worker-10] INFO  o.e.m.c.i.l.LifecycleMappingFactory - Using org.eclipse.m2e.jdt.JarLifecycleMapping lifecycle mapping for MavenProject: APITesting:com.org.api:0.0.1-SNAPSHOT @ C:\Users\RaghuSarik\APITesting\com.org.api\pom.xml.
2017-07-01 22:37:50,829 [Worker-10] INFO  o.e.m.c.i.embedder.EclipseLogger - Using 'UTF-8' encoding to copy filtered resources.
2017-07-01 22:37:50,829 [Worker-10] INFO  o.e.m.c.i.embedder.EclipseLogger - skip non existing resourceDirectory C:\Users\RaghuSarik\APITesting\com.org.api\src\main\resources
2017-07-01 22:37:50,833 [Worker-10] INFO  o.e.m.c.i.embedder.EclipseLogger - Using 'UTF-8' encoding to copy filtered resources.
2017-07-01 22:37:50,833 [Worker-10] INFO  o.e.m.c.i.embedder.EclipseLogger - skip non existing resourceDirectory C:\Users\RaghuSarik\APITesting\com.org.api\src\test\resources
2017-07-01 22:37:52,151 [Worker-8] INFO  o.e.m.c.i.l.LifecycleMappingFactory - Using org.eclipse.m2e.jdt.JarLifecycleMapping lifecycle mapping for MavenProject: APITesting:com.org.api:0.0.1-SNAPSHOT @ C:\Users\RaghuSarik\APITesting\com.org.api\pom.xml.
2017-07-01 22:37:53,862 [Worker-9] INFO  o.e.m.c.i.embedder.EclipseLogger - Using 'UTF-8' encoding to copy filtered resources.
2017-07-01 22:37:53,862 [Worker-9] INFO  o.e.m.c.i.embedder.EclipseLogger - skip non existing resourceDirectory C:\Users\RaghuSarik\APITesting\com.org.api\src\main\resources
2017-07-01 22:37:53,867 [Worker-9] INFO  o.e.m.c.i.embedder.EclipseLogger - Using 'UTF-8' encoding to copy filtered resources.
2017-07-01 22:37:53,867 [Worker-9] INFO  o.e.m.c.i.embedder.EclipseLogger - skip non existing resourceDirectory C:\Users\RaghuSarik\APITesting\com.org.api\src\test\resources
2017-07-01 22:38:41,211 [Worker-3] INFO  o.e.m.c.i.embedder.EclipseLogger - Using 'UTF-8' encoding to copy filtered resources.
2017-07-01 22:38:41,212 [Worker-3] INFO  o.e.m.c.i.embedder.EclipseLogger - skip non existing resourceDirectory C:\Users\RaghuSarik\APITesting\com.org.api\src\main\resources
2017-07-01 22:38:41,213 [Worker-3] INFO  o.e.m.c.i.embedder.EclipseLogger - Using 'UTF-8' encoding to copy filtered resources.
2017-07-01 22:38:41,213 [Worker-3] INFO  o.e.m.c.i.embedder.EclipseLogger - skip non existing resourceDirectory C:\Users\RaghuSarik\APITesting\com.org.api\src\test\resources
2017-07-01 22:38:51,053 [Worker-1] INFO  o.e.m.c.i.embedder.EclipseLogger - Using 'UTF-8' encoding to copy filtered resources.
2017-07-01 22:38:51,053 [Worker-1] INFO  o.e.m.c.i.embedder.EclipseLogger - skip non existing resourceDirectory C:\Users\RaghuSarik\APITesting\com.org.api\src\main\resources
2017-07-01 22:38:51,055 [Worker-1] INFO  o.e.m.c.i.embedder.EclipseLogger - Using 'UTF-8' encoding to copy filtered resources.
2017-07-01 22:38:51,055 [Worker-1] INFO  o.e.m.c.i.embedder.EclipseLogger - skip non existing resourceDirectory C:\Users\RaghuSarik\APITesting\com.org.api\src\test\resources
2017-07-01 22:39:54,358 [Worker-6] INFO  o.e.m.c.i.embedder.EclipseLogger - Using 'UTF-8' encoding to copy filtered resources.
2017-07-01 22:39:54,360 [Worker-6] INFO  o.e.m.c.i.embedder.EclipseLogger - skip non existing resourceDirectory C:\Users\RaghuSarik\APITesting\com.org.api\src\main\resources
2017-07-01 22:39:54,364 [Worker-6] INFO  o.e.m.c.i.embedder.EclipseLogger - Using 'UTF-8' encoding to copy filtered resources.
2017-07-01 22:39:54,365 [Worker-6] INFO  o.e.m.c.i.embedder.EclipseLogger - skip non existing resourceDirectory C:\Users\RaghuSarik\APITesting\com.org.api\src\test\resources
2017-07-01 22:39:57,715 [Worker-6] INFO  o.e.m.c.i.l.LifecycleMappingFactory - Using org.eclipse.m2e.jdt.JarLifecycleMapping lifecycle mapping for MavenProject: APITesting:com.org.api:0.0.1-SNAPSHOT @ C:\Users\RaghuSarik\APITesting\com.org.api\pom.xml.
2017-07-01 22:39:58,162 [Worker-6] INFO  o.e.m.c.i.embedder.EclipseLogger - Using 'UTF-8' encoding to copy filtered resources.
2017-07-01 22:39:58,162 [Worker-6] INFO  o.e.m.c.i.embedder.EclipseLogger - skip non existing resourceDirectory C:\Users\RaghuSarik\APITesting\com.org.api\src\main\resources
2017-07-01 22:39:58,164 [Worker-6] INFO  o.e.m.c.i.embedder.EclipseLogger - Using 'UTF-8' encoding to copy filtered resources.
2017-07-01 22:39:58,164 [Worker-6] INFO  o.e.m.c.i.embedder.EclipseLogger - skip non existing resourceDirectory C:\Users\RaghuSarik\APITesting\com.org.api\src\test\resources
2017-07-01 22:40:26,384 [Worker-10] INFO  o.e.m.c.i.embedder.EclipseLogger - Using 'UTF-8' encoding to copy filtered resources.
2017-07-01 22:40:26,385 [Worker-10] INFO  o.e.m.c.i.embedder.EclipseLogger - skip non existing resourceDirectory C:\Users\RaghuSarik\APITesting\com.org.api\src\main\resources
2017-07-01 22:40:26,386 [Worker-10] INFO  o.e.m.c.i.embedder.EclipseLogger - Using 'UTF-8' encoding to copy filtered resources.
2017-07-01 22:40:26,386 [Worker-10] INFO  o.e.m.c.i.embedder.EclipseLogger - skip non existing resourceDirectory C:\Users\RaghuSarik\APITesting\com.org.api\src\test\resources
2017-07-01 22:40:32,445 [Worker-4] INFO  o.e.m.c.i.embedder.EclipseLogger - Using 'UTF-8' encoding to copy filtered resources.
2017-07-01 22:40:32,445 [Worker-4] INFO  o.e.m.c.i.embedder.EclipseLogger - skip non existing resourceDirectory C:\Users\RaghuSarik\APITesting\com.org.api\src\main\resources
2017-07-01 22:40:32,448 [Worker-4] INFO  o.e.m.c.i.embedder.EclipseLogger - Using 'UTF-8' encoding to copy filtered resources.
2017-07-01 22:40:32,449 [Worker-4] INFO  o.e.m.c.i.embedder.EclipseLogger - skip non existing resourceDirectory C:\Users\RaghuSarik\APITesting\com.org.api\src\test\resources
2017-07-01 22:43:06,121 [Worker-19] INFO  o.e.m.c.i.embedder.EclipseLogger - Using 'UTF-8' encoding to copy filtered resources.
2017-07-01 22:43:06,122 [Worker-19] INFO  o.e.m.c.i.embedder.EclipseLogger - skip non existing resourceDirectory C:\Users\RaghuSarik\APITesting\com.org.api\src\main\resources
2017-07-01 22:43:06,123 [Worker-19] INFO  o.e.m.c.i.embedder.EclipseLogger - Using 'UTF-8' encoding to copy filtered resources.
2017-07-01 22:43:06,123 [Worker-19] INFO  o.e.m.c.i.embedder.EclipseLogger - skip non existing resourceDirectory C:\Users\RaghuSarik\APITesting\com.org.api\src\test\resources
2017-07-01 22:50:09,776 [Worker-1] INFO  o.e.m.c.i.embedder.EclipseLogger - Using 'UTF-8' encoding to copy filtered resources.
2017-07-01 22:50:09,797 [Worker-1] INFO  o.e.m.c.i.embedder.EclipseLogger - skip non existing resourceDirectory C:\Users\RaghuSarik\APITesting\com.org.api\src\main\resources
2017-07-01 22:50:09,800 [Worker-1] INFO  o.e.m.c.i.embedder.EclipseLogger - Using 'UTF-8' encoding to copy filtered resources.
2017-07-01 22:50:09,800 [Worker-1] INFO  o.e.m.c.i.embedder.EclipseLogger - skip non existing resourceDirectory C:\Users\RaghuSarik\APITesting\com.org.api\src\test\resources
2017-07-02 13:18:24,916 [Worker-2] INFO  o.e.m.c.i.i.nexus.NexusIndexManager - Updating index for repository: central|http://repo.maven.apache.org/maven2
2017-07-02 13:18:25,849 [Worker-2] INFO  c.n.h.c.p.n.NettyAsyncHttpProvider - Number of application's worked threads is 8
2017-07-02 13:18:27,157 [Worker-0] INFO  o.e.m.c.i.l.LifecycleMappingFactory - Using org.eclipse.m2e.jdt.JarLifecycleMapping lifecycle mapping for MavenProject: APITesting:com.org.api:0.0.1-SNAPSHOT @ C:\Users\RaghuSarik\APITesting\com.org.api\pom.xml.
2017-07-02 13:18:29,848 [Worker-5] INFO  o.e.m.c.i.l.LifecycleMappingFactory - Using org.eclipse.m2e.jdt.JarLifecycleMapping lifecycle mapping for MavenProject: APITesting:com.org.api:0.0.1-SNAPSHOT @ C:\Users\RaghuSarik\APITesting\com.org.api\pom.xml.
2017-07-02 13:18:29,933 [Worker-0] INFO  o.e.m.c.i.embedder.EclipseLogger - Using 'UTF-8' encoding to copy filtered resources.
2017-07-02 13:18:29,933 [Worker-0] INFO  o.e.m.c.i.embedder.EclipseLogger - skip non existing resourceDirectory C:\Users\RaghuSarik\APITesting\com.org.api\src\main\resources
2017-07-02 13:18:29,936 [Worker-0] INFO  o.e.m.c.i.embedder.EclipseLogger - Using 'UTF-8' encoding to copy filtered resources.
2017-07-02 13:18:29,939 [Worker-0] INFO  o.e.m.c.i.embedder.EclipseLogger - skip non existing resourceDirectory C:\Users\RaghuSarik\APITesting\com.org.api\src\test\resources
2017-07-02 13:37:49,922 [Worker-4] INFO  o.e.m.c.i.l.LifecycleMappingFactory - Using org.eclipse.m2e.jdt.JarLifecycleMapping lifecycle mapping for MavenProject: APITesting:com.org.api:0.0.1-SNAPSHOT @ C:\Users\RaghuSarik\APITesting\com.org.api\pom.xml.
2017-07-02 13:37:53,094 [Worker-4] INFO  o.e.m.c.i.embedder.EclipseLogger - Using 'UTF-8' encoding to copy filtered resources.
2017-07-02 13:37:53,094 [Worker-4] INFO  o.e.m.c.i.embedder.EclipseLogger - skip non existing resourceDirectory C:\Users\RaghuSarik\APITesting\com.org.api\src\main\resources
2017-07-02 13:37:53,094 [Worker-4] INFO  o.e.m.c.i.embedder.EclipseLogger - Using 'UTF-8' encoding to copy filtered resources.
2017-07-02 13:37:53,110 [Worker-4] INFO  o.e.m.c.i.embedder.EclipseLogger - skip non existing resourceDirectory C:\Users\RaghuSarik\APITesting\com.org.api\src\test\resources
2017-07-02 13:37:53,110 [Worker-5] INFO  o.e.m.c.i.l.LifecycleMappingFactory - Using org.eclipse.m2e.jdt.JarLifecycleMapping lifecycle mapping for MavenProject: APITesting:com.org.api:0.0.1-SNAPSHOT @ C:\Users\RaghuSarik\APITesting\com.org.api\pom.xml.
2017-07-02 13:37:55,011 [Worker-0] INFO  o.e.m.c.i.embedder.EclipseLogger - Using 'UTF-8' encoding to copy filtered resources.
2017-07-02 13:37:55,012 [Worker-0] INFO  o.e.m.c.i.embedder.EclipseLogger - skip non existing resourceDirectory C:\Users\RaghuSarik\APITesting\com.org.api\src\main\resources
2017-07-02 13:37:55,013 [Worker-0] INFO  o.e.m.c.i.embedder.EclipseLogger - Using 'UTF-8' encoding to copy filtered resources.
2017-07-02 13:37:55,014 [Worker-0] INFO  o.e.m.c.i.embedder.EclipseLogger - skip non existing resourceDirectory C:\Users\RaghuSarik\APITesting\com.org.api\src\test\resources
2017-07-02 13:37:59,689 [Worker-0] INFO  o.e.m.c.i.embedder.EclipseLogger - Using 'UTF-8' encoding to copy filtered resources.
2017-07-02 13:37:59,689 [Worker-0] INFO  o.e.m.c.i.embedder.EclipseLogger - skip non existing resourceDirectory C:\Users\RaghuSarik\APITesting\com.org.api\src\main\resources
2017-07-02 13:37:59,694 [Worker-0] INFO  o.e.m.c.i.embedder.EclipseLogger - Using 'UTF-8' encoding to copy filtered resources.
2017-07-02 13:37:59,694 [Worker-0] INFO  o.e.m.c.i.embedder.EclipseLogger - skip non existing resourceDirectory C:\Users\RaghuSarik\APITesting\com.org.api\src\test\resources
2017-07-02 13:51:40,307 [Worker-4] INFO  o.e.m.c.i.embedder.EclipseLogger - Using 'UTF-8' encoding to copy filtered resources.
2017-07-02 13:51:40,307 [Worker-4] INFO  o.e.m.c.i.embedder.EclipseLogger - skip non existing resourceDirectory C:\Users\RaghuSarik\APITesting\com.org.api\src\main\resources
2017-07-02 13:51:40,309 [Worker-4] INFO  o.e.m.c.i.embedder.EclipseLogger - Using 'UTF-8' encoding to copy filtered resources.
2017-07-02 13:51:40,309 [Worker-4] INFO  o.e.m.c.i.embedder.EclipseLogger - skip non existing resourceDirectory C:\Users\RaghuSarik\APITesting\com.org.api\src\test\resources
2017-07-02 13:56:49,766 [Worker-10] INFO  o.e.m.c.i.embedder.EclipseLogger - Using 'UTF-8' encoding to copy filtered resources.
2017-07-02 13:56:49,766 [Worker-10] INFO  o.e.m.c.i.embedder.EclipseLogger - skip non existing resourceDirectory C:\Users\RaghuSarik\APITesting\com.org.api\src\main\resources
2017-07-02 13:56:49,768 [Worker-10] INFO  o.e.m.c.i.embedder.EclipseLogger - Using 'UTF-8' encoding to copy filtered resources.
2017-07-02 13:56:49,768 [Worker-10] INFO  o.e.m.c.i.embedder.EclipseLogger - skip non existing resourceDirectory C:\Users\RaghuSarik\APITesting\com.org.api\src\test\resources
2017-07-02 13:57:14,240 [Worker-13] INFO  o.e.m.c.i.embedder.EclipseLogger - Using 'UTF-8' encoding to copy filtered resources.
2017-07-02 13:57:14,240 [Worker-13] INFO  o.e.m.c.i.embedder.EclipseLogger - skip non existing resourceDirectory C:\Users\RaghuSarik\APITesting\com.org.api\src\main\resources
2017-07-02 13:57:14,243 [Worker-13] INFO  o.e.m.c.i.embedder.EclipseLogger - Using 'UTF-8' encoding to copy filtered resources.
2017-07-02 13:57:14,244 [Worker-13] INFO  o.e.m.c.i.embedder.EclipseLogger - skip non existing resourceDirectory C:\Users\RaghuSarik\APITesting\com.org.api\src\test\resources
2017-07-02 14:06:25,160 [Worker-10] INFO  o.e.m.c.i.embedder.EclipseLogger - Using 'UTF-8' encoding to copy filtered resources.
2017-07-02 14:06:25,160 [Worker-10] INFO  o.e.m.c.i.embedder.EclipseLogger - skip non existing resourceDirectory C:\Users\RaghuSarik\APITesting\com.org.api\src\main\resources
2017-07-02 14:06:25,160 [Worker-10] INFO  o.e.m.c.i.embedder.EclipseLogger - Using 'UTF-8' encoding to copy filtered resources.
2017-07-02 14:06:25,160 [Worker-10] INFO  o.e.m.c.i.embedder.EclipseLogger - skip non existing resourceDirectory C:\Users\RaghuSarik\APITesting\com.org.api\src\test\resources
2017-07-02 14:07:00,604 [Worker-10] INFO  o.e.m.c.i.embedder.EclipseLogger - Using 'UTF-8' encoding to copy filtered resources.
2017-07-02 14:07:00,604 [Worker-10] INFO  o.e.m.c.i.embedder.EclipseLogger - skip non existing resourceDirectory C:\Users\RaghuSarik\APITesting\com.org.api\src\main\resources
2017-07-02 14:07:00,604 [Worker-10] INFO  o.e.m.c.i.embedder.EclipseLogger - Using 'UTF-8' encoding to copy filtered resources.
2017-07-02 14:07:00,604 [Worker-10] INFO  o.e.m.c.i.embedder.EclipseLogger - skip non existing resourceDirectory C:\Users\RaghuSarik\APITesting\com.org.api\src\test\resources
2017-07-02 14:12:21,547 [Worker-20] INFO  o.e.m.c.i.embedder.EclipseLogger - Using 'UTF-8' encoding to copy filtered resources.
2017-07-02 14:12:21,547 [Worker-20] INFO  o.e.m.c.i.embedder.EclipseLogger - skip non existing resourceDirectory C:\Users\RaghuSarik\APITesting\com.org.api\src\main\resources
2017-07-02 14:12:21,549 [Worker-20] INFO  o.e.m.c.i.embedder.EclipseLogger - Using 'UTF-8' encoding to copy filtered resources.
2017-07-02 14:12:21,549 [Worker-20] INFO  o.e.m.c.i.embedder.EclipseLogger - skip non existing resourceDirectory C:\Users\RaghuSarik\APITesting\com.org.api\src\test\resources
2017-07-02 14:13:25,675 [Worker-23] INFO  o.e.m.c.i.embedder.EclipseLogger - Using 'UTF-8' encoding to copy filtered resources.
2017-07-02 14:13:25,676 [Worker-23] INFO  o.e.m.c.i.embedder.EclipseLogger - skip non existing resourceDirectory C:\Users\RaghuSarik\APITesting\com.org.api\src\main\resources
2017-07-02 14:13:25,677 [Worker-23] INFO  o.e.m.c.i.embedder.EclipseLogger - Using 'UTF-8' encoding to copy filtered resources.
2017-07-02 14:13:25,678 [Worker-23] INFO  o.e.m.c.i.embedder.EclipseLogger - skip non existing resourceDirectory C:\Users\RaghuSarik\APITesting\com.org.api\src\test\resources
2017-07-02 14:13:55,541 [Worker-21] INFO  o.e.m.c.i.embedder.EclipseLogger - Using 'UTF-8' encoding to copy filtered resources.
2017-07-02 14:13:55,541 [Worker-21] INFO  o.e.m.c.i.embedder.EclipseLogger - skip non existing resourceDirectory C:\Users\RaghuSarik\APITesting\com.org.api\src\main\resources
2017-07-02 14:13:55,543 [Worker-21] INFO  o.e.m.c.i.embedder.EclipseLogger - Using 'UTF-8' encoding to copy filtered resources.
2017-07-02 14:13:55,544 [Worker-21] INFO  o.e.m.c.i.embedder.EclipseLogger - skip non existing resourceDirectory C:\Users\RaghuSarik\APITesting\com.org.api\src\test\resources
2017-07-02 14:14:42,606 [Worker-24] INFO  o.e.m.c.i.embedder.EclipseLogger - Using 'UTF-8' encoding to copy filtered resources.
2017-07-02 14:14:42,606 [Worker-24] INFO  o.e.m.c.i.embedder.EclipseLogger - skip non existing resourceDirectory C:\Users\RaghuSarik\APITesting\com.org.api\src\main\resources
2017-07-02 14:14:42,608 [Worker-24] INFO  o.e.m.c.i.embedder.EclipseLogger - Using 'UTF-8' encoding to copy filtered resources.
2017-07-02 14:14:42,608 [Worker-24] INFO  o.e.m.c.i.embedder.EclipseLogger - skip non existing resourceDirectory C:\Users\RaghuSarik\APITesting\com.org.api\src\test\resources
2017-07-02 14:15:15,394 [Worker-23] INFO  o.e.m.c.i.embedder.EclipseLogger - Using 'UTF-8' encoding to copy filtered resources.
2017-07-02 14:15:15,395 [Worker-23] INFO  o.e.m.c.i.embedder.EclipseLogger - skip non existing resourceDirectory C:\Users\RaghuSarik\APITesting\com.org.api\src\main\resources
2017-07-02 14:15:15,396 [Worker-23] INFO  o.e.m.c.i.embedder.EclipseLogger - Using 'UTF-8' encoding to copy filtered resources.
2017-07-02 14:15:15,397 [Worker-23] INFO  o.e.m.c.i.embedder.EclipseLogger - skip non existing resourceDirectory C:\Users\RaghuSarik\APITesting\com.org.api\src\test\resources
2017-07-02 14:16:19,182 [Worker-10] INFO  o.e.m.c.i.embedder.EclipseLogger - Using 'UTF-8' encoding to copy filtered resources.
2017-07-02 14:16:19,182 [Worker-10] INFO  o.e.m.c.i.embedder.EclipseLogger - skip non existing resourceDirectory C:\Users\RaghuSarik\APITesting\com.org.api\src\main\resources
2017-07-02 14:16:19,186 [Worker-10] INFO  o.e.m.c.i.embedder.EclipseLogger - Using 'UTF-8' encoding to copy filtered resources.
2017-07-02 14:16:19,186 [Worker-10] INFO  o.e.m.c.i.embedder.EclipseLogger - skip non existing resourceDirectory C:\Users\RaghuSarik\APITesting\com.org.api\src\test\resources
2017-07-02 14:32:05,785 [Worker-26] INFO  o.e.m.c.i.embedder.EclipseLogger - Using 'UTF-8' encoding to copy filtered resources.
2017-07-02 14:32:05,785 [Worker-26] INFO  o.e.m.c.i.embedder.EclipseLogger - skip non existing resourceDirectory C:\Users\RaghuSarik\APITesting\com.org.api\src\main\resources
2017-07-02 14:32:05,787 [Worker-26] INFO  o.e.m.c.i.embedder.EclipseLogger - Using 'UTF-8' encoding to copy filtered resources.
2017-07-02 14:32:05,787 [Worker-26] INFO  o.e.m.c.i.embedder.EclipseLogger - skip non existing resourceDirectory C:\Users\RaghuSarik\APITesting\com.org.api\src\test\resources
2017-07-02 14:35:28,383 [Worker-31] INFO  o.e.m.c.i.embedder.EclipseLogger - Using 'UTF-8' encoding to copy filtered resources.
2017-07-02 14:35:28,383 [Worker-31] INFO  o.e.m.c.i.embedder.EclipseLogger - skip non existing resourceDirectory C:\Users\RaghuSarik\APITesting\com.org.api\src\main\resources
2017-07-02 14:35:28,385 [Worker-31] INFO  o.e.m.c.i.embedder.EclipseLogger - Using 'UTF-8' encoding to copy filtered resources.
2017-07-02 14:35:28,386 [Worker-31] INFO  o.e.m.c.i.embedder.EclipseLogger - skip non existing resourceDirectory C:\Users\RaghuSarik\APITesting\com.org.api\src\test\resources
2017-07-02 14:36:03,816 [Worker-30] INFO  o.e.m.c.i.embedder.EclipseLogger - Using 'UTF-8' encoding to copy filtered resources.
2017-07-02 14:36:03,816 [Worker-30] INFO  o.e.m.c.i.embedder.EclipseLogger - skip non existing resourceDirectory C:\Users\RaghuSarik\APITesting\com.org.api\src\main\resources
2017-07-02 14:36:03,818 [Worker-30] INFO  o.e.m.c.i.embedder.EclipseLogger - Using 'UTF-8' encoding to copy filtered resources.
2017-07-02 14:36:03,818 [Worker-30] INFO  o.e.m.c.i.embedder.EclipseLogger - skip non existing resourceDirectory C:\Users\RaghuSarik\APITesting\com.org.api\src\test\resources
2017-07-02 14:37:18,361 [Worker-33] INFO  o.e.m.c.i.embedder.EclipseLogger - Using 'UTF-8' encoding to copy filtered resources.
2017-07-02 14:37:18,361 [Worker-33] INFO  o.e.m.c.i.embedder.EclipseLogger - skip non existing resourceDirectory C:\Users\RaghuSarik\APITesting\com.org.api\src\main\resources
2017-07-02 14:37:18,362 [Worker-33] INFO  o.e.m.c.i.embedder.EclipseLogger - Using 'UTF-8' encoding to copy filtered resources.
2017-07-02 14:37:18,362 [Worker-33] INFO  o.e.m.c.i.embedder.EclipseLogger - skip non existing resourceDirectory C:\Users\RaghuSarik\APITesting\com.org.api\src\test\resources
2017-07-02 14:37:41,380 [Worker-34] INFO  o.e.m.c.i.embedder.EclipseLogger - Using 'UTF-8' encoding to copy filtered resources.
2017-07-02 14:37:41,381 [Worker-34] INFO  o.e.m.c.i.embedder.EclipseLogger - skip non existing resourceDirectory C:\Users\RaghuSarik\APITesting\com.org.api\src\main\resources
2017-07-02 14:37:41,382 [Worker-34] INFO  o.e.m.c.i.embedder.EclipseLogger - Using 'UTF-8' encoding to copy filtered resources.
2017-07-02 14:37:41,382 [Worker-34] INFO  o.e.m.c.i.embedder.EclipseLogger - skip non existing resourceDirectory C:\Users\RaghuSarik\APITesting\com.org.api\src\test\resources
2017-07-02 14:38:12,068 [Worker-31] INFO  o.e.m.c.i.embedder.EclipseLogger - Using 'UTF-8' encoding to copy filtered resources.
2017-07-02 14:38:12,069 [Worker-31] INFO  o.e.m.c.i.embedder.EclipseLogger - skip non existing resourceDirectory C:\Users\RaghuSarik\APITesting\com.org.api\src\main\resources
2017-07-02 14:38:12,070 [Worker-31] INFO  o.e.m.c.i.embedder.EclipseLogger - Using 'UTF-8' encoding to copy filtered resources.
2017-07-02 14:38:12,070 [Worker-31] INFO  o.e.m.c.i.embedder.EclipseLogger - skip non existing resourceDirectory C:\Users\RaghuSarik\APITesting\com.org.api\src\test\resources
2017-07-02 14:38:19,956 [Worker-34] INFO  o.e.m.c.i.embedder.EclipseLogger - Using 'UTF-8' encoding to copy filtered resources.
2017-07-02 14:38:19,956 [Worker-34] INFO  o.e.m.c.i.embedder.EclipseLogger - skip non existing resourceDirectory C:\Users\RaghuSarik\APITesting\com.org.api\src\main\resources
2017-07-02 14:38:19,958 [Worker-34] INFO  o.e.m.c.i.embedder.EclipseLogger - Using 'UTF-8' encoding to copy filtered resources.
2017-07-02 14:38:19,959 [Worker-34] INFO  o.e.m.c.i.embedder.EclipseLogger - skip non existing resourceDirectory C:\Users\RaghuSarik\APITesting\com.org.api\src\test\resources
2017-07-02 14:38:36,892 [Worker-30] INFO  o.e.m.c.i.embedder.EclipseLogger - Using 'UTF-8' encoding to copy filtered resources.
2017-07-02 14:38:36,892 [Worker-30] INFO  o.e.m.c.i.embedder.EclipseLogger - skip non existing resourceDirectory C:\Users\RaghuSarik\APITesting\com.org.api\src\main\resources
2017-07-02 14:38:36,895 [Worker-30] INFO  o.e.m.c.i.embedder.EclipseLogger - Using 'UTF-8' encoding to copy filtered resources.
2017-07-02 14:38:36,895 [Worker-30] INFO  o.e.m.c.i.embedder.EclipseLogger - skip non existing resourceDirectory C:\Users\RaghuSarik\APITesting\com.org.api\src\test\resources
2017-07-02 14:38:53,206 [Worker-29] INFO  o.e.m.c.i.embedder.EclipseLogger - Using 'UTF-8' encoding to copy filtered resources.
2017-07-02 14:38:53,207 [Worker-29] INFO  o.e.m.c.i.embedder.EclipseLogger - skip non existing resourceDirectory C:\Users\RaghuSarik\APITesting\com.org.api\src\main\resources
2017-07-02 14:38:53,209 [Worker-29] INFO  o.e.m.c.i.embedder.EclipseLogger - Using 'UTF-8' encoding to copy filtered resources.
2017-07-02 14:38:53,209 [Worker-29] INFO  o.e.m.c.i.embedder.EclipseLogger - skip non existing resourceDirectory C:\Users\RaghuSarik\APITesting\com.org.api\src\test\resources
2017-07-02 14:40:21,065 [Worker-33] INFO  o.e.m.c.i.embedder.EclipseLogger - Using 'UTF-8' encoding to copy filtered resources.
2017-07-02 14:40:21,065 [Worker-33] INFO  o.e.m.c.i.embedder.EclipseLogger - skip non existing resourceDirectory C:\Users\RaghuSarik\APITesting\com.org.api\src\main\resources
2017-07-02 14:40:21,066 [Worker-33] INFO  o.e.m.c.i.embedder.EclipseLogger - Using 'UTF-8' encoding to copy filtered resources.
2017-07-02 14:40:21,066 [Worker-33] INFO  o.e.m.c.i.embedder.EclipseLogger - skip non existing resourceDirectory C:\Users\RaghuSarik\APITesting\com.org.api\src\test\resources
2017-07-02 14:56:27,125 [Worker-42] INFO  o.e.m.c.i.embedder.EclipseLogger - Using 'UTF-8' encoding to copy filtered resources.
2017-07-02 14:56:27,125 [Worker-42] INFO  o.e.m.c.i.embedder.EclipseLogger - skip non existing resourceDirectory C:\Users\RaghuSarik\APITesting\com.org.api\src\main\resources
2017-07-02 14:56:27,127 [Worker-42] INFO  o.e.m.c.i.embedder.EclipseLogger - Using 'UTF-8' encoding to copy filtered resources.
2017-07-02 14:56:27,128 [Worker-42] INFO  o.e.m.c.i.embedder.EclipseLogger - skip non existing resourceDirectory C:\Users\RaghuSarik\APITesting\com.org.api\src\test\resources
2017-07-02 14:57:27,387 [Worker-43] INFO  o.e.m.c.i.embedder.EclipseLogger - Using 'UTF-8' encoding to copy filtered resources.
2017-07-02 14:57:27,388 [Worker-43] INFO  o.e.m.c.i.embedder.EclipseLogger - skip non existing resourceDirectory C:\Users\RaghuSarik\APITesting\com.org.api\src\main\resources
2017-07-02 14:57:27,389 [Worker-43] INFO  o.e.m.c.i.embedder.EclipseLogger - Using 'UTF-8' encoding to copy filtered resources.
2017-07-02 14:57:27,389 [Worker-43] INFO  o.e.m.c.i.embedder.EclipseLogger - skip non existing resourceDirectory C:\Users\RaghuSarik\APITesting\com.org.api\src\test\resources
2017-07-02 14:58:00,652 [Worker-37] INFO  o.e.m.c.i.embedder.EclipseLogger - Using 'UTF-8' encoding to copy filtered resources.
2017-07-02 14:58:00,653 [Worker-37] INFO  o.e.m.c.i.embedder.EclipseLogger - skip non existing resourceDirectory C:\Users\RaghuSarik\APITesting\com.org.api\src\main\resources
2017-07-02 14:58:00,655 [Worker-37] INFO  o.e.m.c.i.embedder.EclipseLogger - Using 'UTF-8' encoding to copy filtered resources.
2017-07-02 14:58:00,655 [Worker-37] INFO  o.e.m.c.i.embedder.EclipseLogger - skip non existing resourceDirectory C:\Users\RaghuSarik\APITesting\com.org.api\src\test\resources
2017-07-02 14:58:19,776 [Worker-38] INFO  o.e.m.c.i.embedder.EclipseLogger - Using 'UTF-8' encoding to copy filtered resources.
2017-07-02 14:58:19,776 [Worker-38] INFO  o.e.m.c.i.embedder.EclipseLogger - skip non existing resourceDirectory C:\Users\RaghuSarik\APITesting\com.org.api\src\main\resources
2017-07-02 14:58:19,777 [Worker-38] INFO  o.e.m.c.i.embedder.EclipseLogger - Using 'UTF-8' encoding to copy filtered resources.
2017-07-02 14:58:19,778 [Worker-38] INFO  o.e.m.c.i.embedder.EclipseLogger - skip non existing resourceDirectory C:\Users\RaghuSarik\APITesting\com.org.api\src\test\resources
2017-07-02 17:43:23,932 [Worker-74] INFO  o.e.m.c.i.embedder.EclipseLogger - Using 'UTF-8' encoding to copy filtered resources.
2017-07-02 17:43:23,932 [Worker-74] INFO  o.e.m.c.i.embedder.EclipseLogger - skip non existing resourceDirectory C:\Users\RaghuSarik\APITesting\com.org.api\src\main\resources
2017-07-02 17:43:23,932 [Worker-74] INFO  o.e.m.c.i.embedder.EclipseLogger - Using 'UTF-8' encoding to copy filtered resources.
2017-07-02 17:43:23,932 [Worker-74] INFO  o.e.m.c.i.embedder.EclipseLogger - skip non existing resourceDirectory C:\Users\RaghuSarik\APITesting\com.org.api\src\test\resources
2017-07-02 17:43:43,007 [Worker-76] INFO  o.e.m.c.i.embedder.EclipseLogger - Using 'UTF-8' encoding to copy filtered resources.
2017-07-02 17:43:43,007 [Worker-76] INFO  o.e.m.c.i.embedder.EclipseLogger - skip non existing resourceDirectory C:\Users\RaghuSarik\APITesting\com.org.api\src\main\resources
2017-07-02 17:43:43,007 [Worker-76] INFO  o.e.m.c.i.embedder.EclipseLogger - Using 'UTF-8' encoding to copy filtered resources.
2017-07-02 17:43:43,007 [Worker-76] INFO  o.e.m.c.i.embedder.EclipseLogger - skip non existing resourceDirectory C:\Users\RaghuSarik\APITesting\com.org.api\src\test\resources
2017-07-02 17:51:47,541 [Worker-80] INFO  o.e.m.c.i.embedder.EclipseLogger - Using 'UTF-8' encoding to copy filtered resources.
2017-07-02 17:51:47,542 [Worker-80] INFO  o.e.m.c.i.embedder.EclipseLogger - skip non existing resourceDirectory C:\Users\RaghuSarik\APITesting\com.org.api\src\main\resources
2017-07-02 17:51:47,543 [Worker-80] INFO  o.e.m.c.i.embedder.EclipseLogger - Using 'UTF-8' encoding to copy filtered resources.
2017-07-02 17:51:47,543 [Worker-80] INFO  o.e.m.c.i.embedder.EclipseLogger - skip non existing resourceDirectory C:\Users\RaghuSarik\APITesting\com.org.api\src\test\resources
2017-07-02 17:52:46,966 [Worker-80] INFO  o.e.m.c.i.embedder.EclipseLogger - Using 'UTF-8' encoding to copy filtered resources.
2017-07-02 17:52:46,966 [Worker-80] INFO  o.e.m.c.i.embedder.EclipseLogger - skip non existing resourceDirectory C:\Users\RaghuSarik\APITesting\com.org.api\src\main\resources
2017-07-02 17:52:46,966 [Worker-80] INFO  o.e.m.c.i.embedder.EclipseLogger - Using 'UTF-8' encoding to copy filtered resources.
2017-07-02 17:52:46,966 [Worker-80] INFO  o.e.m.c.i.embedder.EclipseLogger - skip non existing resourceDirectory C:\Users\RaghuSarik\APITesting\com.org.api\src\test\resources
2017-07-02 17:53:40,524 [Worker-78] INFO  o.e.m.c.i.embedder.EclipseLogger - Using 'UTF-8' encoding to copy filtered resources.
2017-07-02 17:53:40,524 [Worker-78] INFO  o.e.m.c.i.embedder.EclipseLogger - skip non existing resourceDirectory C:\Users\RaghuSarik\APITesting\com.org.api\src\main\resources
2017-07-02 17:53:40,524 [Worker-78] INFO  o.e.m.c.i.embedder.EclipseLogger - Using 'UTF-8' encoding to copy filtered resources.
2017-07-02 17:53:40,524 [Worker-78] INFO  o.e.m.c.i.embedder.EclipseLogger - skip non existing resourceDirectory C:\Users\RaghuSarik\APITesting\com.org.api\src\test\resources
2017-07-02 17:55:24,556 [Worker-80] INFO  o.e.m.c.i.embedder.EclipseLogger - Using 'UTF-8' encoding to copy filtered resources.
2017-07-02 17:55:24,556 [Worker-80] INFO  o.e.m.c.i.embedder.EclipseLogger - skip non existing resourceDirectory C:\Users\RaghuSarik\APITesting\com.org.api\src\main\resources
2017-07-02 17:55:24,556 [Worker-80] INFO  o.e.m.c.i.embedder.EclipseLogger - Using 'UTF-8' encoding to copy filtered resources.
2017-07-02 17:55:24,556 [Worker-80] INFO  o.e.m.c.i.embedder.EclipseLogger - skip non existing resourceDirectory C:\Users\RaghuSarik\APITesting\com.org.api\src\test\resources
2017-07-02 17:57:08,840 [Worker-80] INFO  o.e.m.c.i.embedder.EclipseLogger - Using 'UTF-8' encoding to copy filtered resources.
2017-07-02 17:57:08,840 [Worker-80] INFO  o.e.m.c.i.embedder.EclipseLogger - skip non existing resourceDirectory C:\Users\RaghuSarik\APITesting\com.org.api\src\main\resources
2017-07-02 17:57:08,856 [Worker-80] INFO  o.e.m.c.i.embedder.EclipseLogger - Using 'UTF-8' encoding to copy filtered resources.
2017-07-02 17:57:08,856 [Worker-80] INFO  o.e.m.c.i.embedder.EclipseLogger - skip non existing resourceDirectory C:\Users\RaghuSarik\APITesting\com.org.api\src\test\resources
2017-07-02 17:57:43,740 [Worker-81] INFO  o.e.m.c.i.embedder.EclipseLogger - Using 'UTF-8' encoding to copy filtered resources.
2017-07-02 17:57:43,740 [Worker-81] INFO  o.e.m.c.i.embedder.EclipseLogger - skip non existing resourceDirectory C:\Users\RaghuSarik\APITesting\com.org.api\src\main\resources
2017-07-02 17:57:43,756 [Worker-81] INFO  o.e.m.c.i.embedder.EclipseLogger - Using 'UTF-8' encoding to copy filtered resources.
2017-07-02 17:57:43,756 [Worker-81] INFO  o.e.m.c.i.embedder.EclipseLogger - skip non existing resourceDirectory C:\Users\RaghuSarik\APITesting\com.org.api\src\test\resources
2017-07-02 17:59:58,788 [Worker-78] INFO  o.e.m.c.i.e.AbstractTransferListenerAdapter - Downloading http://repo.maven.apache.org/maven2/com/jayway/restassured/rest-assured/2.9.0/rest-assured-2.9.0-sources.jar
2017-07-02 18:00:00,835 [Worker-78] INFO  o.e.m.c.i.e.AbstractTransferListenerAdapter - Downloaded http://repo.maven.apache.org/maven2/com/jayway/restassured/rest-assured/2.9.0/rest-assured-2.9.0-sources.jar
2017-07-02 18:00:01,304 [Worker-78] INFO  o.e.m.j.internal.DownloadSourcesJob - Downloaded sources for com.jayway.restassured:rest-assured:2.9.0
2017-07-02 18:00:01,554 [Worker-76] INFO  o.e.m.c.i.embedder.EclipseLogger - Using 'UTF-8' encoding to copy filtered resources.
2017-07-02 18:00:01,554 [Worker-76] INFO  o.e.m.c.i.embedder.EclipseLogger - skip non existing resourceDirectory C:\Users\RaghuSarik\APITesting\com.org.api\src\main\resources
2017-07-02 18:00:01,554 [Worker-76] INFO  o.e.m.c.i.embedder.EclipseLogger - Using 'UTF-8' encoding to copy filtered resources.
2017-07-02 18:00:01,554 [Worker-76] INFO  o.e.m.c.i.embedder.EclipseLogger - skip non existing resourceDirectory C:\Users\RaghuSarik\APITesting\com.org.api\src\test\resources
2017-07-02 19:12:40,540 [Worker-87] INFO  o.e.m.c.i.embedder.EclipseLogger - Using 'UTF-8' encoding to copy filtered resources.
2017-07-02 19:12:40,540 [Worker-87] INFO  o.e.m.c.i.embedder.EclipseLogger - skip non existing resourceDirectory C:\Users\RaghuSarik\APITesting\com.org.api\src\main\resources
2017-07-02 19:12:40,540 [Worker-87] INFO  o.e.m.c.i.embedder.EclipseLogger - Using 'UTF-8' encoding to copy filtered resources.
2017-07-02 19:12:40,540 [Worker-87] INFO  o.e.m.c.i.embedder.EclipseLogger - skip non existing resourceDirectory C:\Users\RaghuSarik\APITesting\com.org.api\src\test\resources
2017-07-06 11:02:06,993 [Worker-3] INFO  o.e.m.c.i.embedder.EclipseLogger - Using 'UTF-8' encoding to copy filtered resources.
2017-07-06 11:02:07,039 [Worker-3] INFO  o.e.m.c.i.embedder.EclipseLogger - skip non existing resourceDirectory C:\Users\RaghuSarik\APITesting\com.org.api\src\main\resources
2017-07-06 11:02:07,043 [Worker-3] INFO  o.e.m.c.i.embedder.EclipseLogger - Using 'UTF-8' encoding to copy filtered resources.
2017-07-06 11:02:07,043 [Worker-3] INFO  o.e.m.c.i.embedder.EclipseLogger - skip non existing resourceDirectory C:\Users\RaghuSarik\APITesting\com.org.api\src\test\resources
2017-07-06 11:04:04,770 [Worker-8] INFO  o.e.m.c.i.embedder.EclipseLogger - Using 'UTF-8' encoding to copy filtered resources.
2017-07-06 11:04:04,771 [Worker-8] INFO  o.e.m.c.i.embedder.EclipseLogger - skip non existing resourceDirectory C:\Users\RaghuSarik\APITesting\com.org.api\src\main\resources
2017-07-06 11:04:04,772 [Worker-8] INFO  o.e.m.c.i.embedder.EclipseLogger - Using 'UTF-8' encoding to copy filtered resources.
2017-07-06 11:04:04,773 [Worker-8] INFO  o.e.m.c.i.embedder.EclipseLogger - skip non existing resourceDirectory C:\Users\RaghuSarik\APITesting\com.org.api\src\test\resources
2017-07-06 11:19:21,613 [Worker-9] INFO  o.e.m.c.i.embedder.EclipseLogger - Using 'UTF-8' encoding to copy filtered resources.
2017-07-06 11:19:21,614 [Worker-9] INFO  o.e.m.c.i.embedder.EclipseLogger - skip non existing resourceDirectory C:\Users\RaghuSarik\APITesting\com.org.api\src\main\resources
2017-07-06 11:19:21,616 [Worker-9] INFO  o.e.m.c.i.embedder.EclipseLogger - Using 'UTF-8' encoding to copy filtered resources.
2017-07-06 11:19:21,616 [Worker-9] INFO  o.e.m.c.i.embedder.EclipseLogger - skip non existing resourceDirectory C:\Users\RaghuSarik\APITesting\com.org.api\src\test\resources
2017-07-06 11:19:44,801 [Worker-14] INFO  o.e.m.c.i.embedder.EclipseLogger - Using 'UTF-8' encoding to copy filtered resources.
2017-07-06 11:19:44,802 [Worker-14] INFO  o.e.m.c.i.embedder.EclipseLogger - skip non existing resourceDirectory C:\Users\RaghuSarik\APITesting\com.org.api\src\main\resources
2017-07-06 11:19:44,803 [Worker-14] INFO  o.e.m.c.i.embedder.EclipseLogger - Using 'UTF-8' encoding to copy filtered resources.
2017-07-06 11:19:44,803 [Worker-14] INFO  o.e.m.c.i.embedder.EclipseLogger - skip non existing resourceDirectory C:\Users\RaghuSarik\APITesting\com.org.api\src\test\resources
2017-07-06 11:20:06,756 [Worker-10] INFO  o.e.m.c.i.embedder.EclipseLogger - Using 'UTF-8' encoding to copy filtered resources.
2017-07-06 11:20:06,756 [Worker-10] INFO  o.e.m.c.i.embedder.EclipseLogger - skip non existing resourceDirectory C:\Users\RaghuSarik\APITesting\com.org.api\src\main\resources
2017-07-06 11:20:06,758 [Worker-10] INFO  o.e.m.c.i.embedder.EclipseLogger - Using 'UTF-8' encoding to copy filtered resources.
2017-07-06 11:20:06,759 [Worker-10] INFO  o.e.m.c.i.embedder.EclipseLogger - skip non existing resourceDirectory C:\Users\RaghuSarik\APITesting\com.org.api\src\test\resources
2017-07-06 11:36:31,158 [Worker-17] INFO  o.e.m.c.i.embedder.EclipseLogger - Using 'UTF-8' encoding to copy filtered resources.
2017-07-06 11:36:31,159 [Worker-17] INFO  o.e.m.c.i.embedder.EclipseLogger - skip non existing resourceDirectory C:\Users\RaghuSarik\APITesting\com.org.api\src\main\resources
2017-07-06 11:36:31,161 [Worker-17] INFO  o.e.m.c.i.embedder.EclipseLogger - Using 'UTF-8' encoding to copy filtered resources.
2017-07-06 11:36:31,162 [Worker-17] INFO  o.e.m.c.i.embedder.EclipseLogger - skip non existing resourceDirectory C:\Users\RaghuSarik\APITesting\com.org.api\src\test\resources
2017-07-06 11:43:15,425 [Worker-10] INFO  o.e.m.c.i.embedder.EclipseLogger - Using 'UTF-8' encoding to copy filtered resources.
2017-07-06 11:43:15,426 [Worker-10] INFO  o.e.m.c.i.embedder.EclipseLogger - skip non existing resourceDirectory C:\Users\RaghuSarik\APITesting\com.org.api\src\main\resources
2017-07-06 11:43:15,427 [Worker-10] INFO  o.e.m.c.i.embedder.EclipseLogger - Using 'UTF-8' encoding to copy filtered resources.
2017-07-06 11:43:15,428 [Worker-10] INFO  o.e.m.c.i.embedder.EclipseLogger - skip non existing resourceDirectory C:\Users\RaghuSarik\APITesting\com.org.api\src\test\resources
2017-07-06 11:45:21,434 [Worker-22] INFO  o.e.m.c.i.embedder.EclipseLogger - Using 'UTF-8' encoding to copy filtered resources.
2017-07-06 11:45:21,434 [Worker-22] INFO  o.e.m.c.i.embedder.EclipseLogger - skip non existing resourceDirectory C:\Users\RaghuSarik\APITesting\com.org.api\src\main\resources
2017-07-06 11:45:21,436 [Worker-22] INFO  o.e.m.c.i.embedder.EclipseLogger - Using 'UTF-8' encoding to copy filtered resources.
2017-07-06 11:45:21,437 [Worker-22] INFO  o.e.m.c.i.embedder.EclipseLogger - skip non existing resourceDirectory C:\Users\RaghuSarik\APITesting\com.org.api\src\test\resources
2017-07-06 11:45:55,843 [Worker-23] INFO  o.e.m.c.i.embedder.EclipseLogger - Using 'UTF-8' encoding to copy filtered resources.
2017-07-06 11:45:55,843 [Worker-23] INFO  o.e.m.c.i.embedder.EclipseLogger - skip non existing resourceDirectory C:\Users\RaghuSarik\APITesting\com.org.api\src\main\resources
2017-07-06 11:45:55,845 [Worker-23] INFO  o.e.m.c.i.embedder.EclipseLogger - Using 'UTF-8' encoding to copy filtered resources.
2017-07-06 11:45:55,845 [Worker-23] INFO  o.e.m.c.i.embedder.EclipseLogger - skip non existing resourceDirectory C:\Users\RaghuSarik\APITesting\com.org.api\src\test\resources
2017-07-06 11:46:23,555 [Worker-10] INFO  o.e.m.c.i.embedder.EclipseLogger - Using 'UTF-8' encoding to copy filtered resources.
2017-07-06 11:46:23,555 [Worker-10] INFO  o.e.m.c.i.embedder.EclipseLogger - skip non existing resourceDirectory C:\Users\RaghuSarik\APITesting\com.org.api\src\main\resources
2017-07-06 11:46:23,557 [Worker-10] INFO  o.e.m.c.i.embedder.EclipseLogger - Using 'UTF-8' encoding to copy filtered resources.
2017-07-06 11:46:23,557 [Worker-10] INFO  o.e.m.c.i.embedder.EclipseLogger - skip non existing resourceDirectory C:\Users\RaghuSarik\APITesting\com.org.api\src\test\resources
2017-10-07 09:42:19,281 [Worker-2] INFO  o.e.m.c.i.embedder.EclipseLogger - Using 'UTF-8' encoding to copy filtered resources.
2017-10-07 09:42:19,312 [Worker-2] INFO  o.e.m.c.i.embedder.EclipseLogger - skip non existing resourceDirectory C:\Users\RaghuSarik\APITesting\com.org.api\src\main\resources
2017-10-07 09:42:19,312 [Worker-2] INFO  o.e.m.c.i.embedder.EclipseLogger - Using 'UTF-8' encoding to copy filtered resources.
2017-10-07 09:42:19,312 [Worker-2] INFO  o.e.m.c.i.embedder.EclipseLogger - skip non existing resourceDirectory C:\Users\RaghuSarik\APITesting\com.org.api\src\test\resources
2017-10-15 23:11:21,714 [Worker-15] INFO  o.e.m.c.i.embedder.EclipseLogger - Using 'UTF-8' encoding to copy filtered resources.
2017-10-15 23:11:21,730 [Worker-15] INFO  o.e.m.c.i.embedder.EclipseLogger - skip non existing resourceDirectory C:\Users\RaghuSarik\APITesting\com.org.api\src\main\resources
2017-10-15 23:11:21,733 [Worker-15] INFO  o.e.m.c.i.embedder.EclipseLogger - Using 'UTF-8' encoding to copy filtered resources.
2017-10-15 23:11:21,733 [Worker-15] INFO  o.e.m.c.i.embedder.EclipseLogger - skip non existing resourceDirectory C:\Users\RaghuSarik\APITesting\com.org.api\src\test\resources
2017-10-15 23:11:26,991 [Worker-11] INFO  o.e.m.c.i.embedder.EclipseLogger - Using 'UTF-8' encoding to copy filtered resources.
2017-10-15 23:11:26,992 [Worker-11] INFO  o.e.m.c.i.embedder.EclipseLogger - skip non existing resourceDirectory C:\Users\RaghuSarik\APITesting\com.org.api\src\main\resources
2017-10-15 23:11:26,993 [Worker-11] INFO  o.e.m.c.i.embedder.EclipseLogger - Using 'UTF-8' encoding to copy filtered resources.
2017-10-15 23:11:26,994 [Worker-11] INFO  o.e.m.c.i.embedder.EclipseLogger - skip non existing resourceDirectory C:\Users\RaghuSarik\APITesting\com.org.api\src\test\resources
2017-10-15 23:13:09,237 [Worker-11] INFO  o.e.m.c.i.embedder.EclipseLogger - Using 'UTF-8' encoding to copy filtered resources.
2017-10-15 23:13:09,238 [Worker-11] INFO  o.e.m.c.i.embedder.EclipseLogger - skip non existing resourceDirectory C:\Users\RaghuSarik\APITesting\com.org.api\src\main\resources
2017-10-15 23:13:09,240 [Worker-11] INFO  o.e.m.c.i.embedder.EclipseLogger - Using 'UTF-8' encoding to copy filtered resources.
2017-10-15 23:13:09,240 [Worker-11] INFO  o.e.m.c.i.embedder.EclipseLogger - skip non existing resourceDirectory C:\Users\RaghuSarik\APITesting\com.org.api\src\test\resources
2017-10-15 23:14:53,666 [Worker-16] INFO  o.e.m.c.i.embedder.EclipseLogger - Using 'UTF-8' encoding to copy filtered resources.
2017-10-15 23:14:53,666 [Worker-16] INFO  o.e.m.c.i.embedder.EclipseLogger - skip non existing resourceDirectory C:\Users\RaghuSarik\APITesting\com.org.api\src\main\resources
2017-10-15 23:14:53,667 [Worker-16] INFO  o.e.m.c.i.embedder.EclipseLogger - Using 'UTF-8' encoding to copy filtered resources.
2017-10-15 23:14:53,668 [Worker-16] INFO  o.e.m.c.i.embedder.EclipseLogger - skip non existing resourceDirectory C:\Users\RaghuSarik\APITesting\com.org.api\src\test\resources
2017-10-15 23:16:32,016 [Worker-17] INFO  o.e.m.c.i.embedder.EclipseLogger - Using 'UTF-8' encoding to copy filtered resources.
2017-10-15 23:16:32,033 [Worker-17] INFO  o.e.m.c.i.embedder.EclipseLogger - skip non existing resourceDirectory C:\Users\RaghuSarik\APITesting\com.org.api\src\main\resources
2017-10-15 23:16:32,036 [Worker-17] INFO  o.e.m.c.i.embedder.EclipseLogger - Using 'UTF-8' encoding to copy filtered resources.
2017-10-15 23:16:32,036 [Worker-17] INFO  o.e.m.c.i.embedder.EclipseLogger - skip non existing resourceDirectory C:\Users\RaghuSarik\APITesting\com.org.api\src\test\resources
2017-10-15 23:16:56,707 [Worker-17] INFO  o.e.m.c.i.embedder.EclipseLogger - Using 'UTF-8' encoding to copy filtered resources.
2017-10-15 23:16:56,707 [Worker-17] INFO  o.e.m.c.i.embedder.EclipseLogger - skip non existing resourceDirectory C:\Users\RaghuSarik\APITesting\com.org.api\src\main\resources
2017-10-15 23:16:56,712 [Worker-17] INFO  o.e.m.c.i.embedder.EclipseLogger - Using 'UTF-8' encoding to copy filtered resources.
2017-10-15 23:16:56,712 [Worker-17] INFO  o.e.m.c.i.embedder.EclipseLogger - skip non existing resourceDirectory C:\Users\RaghuSarik\APITesting\com.org.api\src\test\resources
2017-10-15 23:20:40,174 [Worker-13] INFO  o.e.m.c.i.embedder.EclipseLogger - Using 'UTF-8' encoding to copy filtered resources.
2017-10-15 23:20:40,174 [Worker-13] INFO  o.e.m.c.i.embedder.EclipseLogger - skip non existing resourceDirectory C:\Users\RaghuSarik\APITesting\com.org.api\src\main\resources
2017-10-15 23:20:40,176 [Worker-13] INFO  o.e.m.c.i.embedder.EclipseLogger - Using 'UTF-8' encoding to copy filtered resources.
2017-10-15 23:20:40,176 [Worker-13] INFO  o.e.m.c.i.embedder.EclipseLogger - skip non existing resourceDirectory C:\Users\RaghuSarik\APITesting\com.org.api\src\test\resources
2017-10-15 23:20:57,580 [Worker-12] INFO  o.e.m.c.i.embedder.EclipseLogger - Using 'UTF-8' encoding to copy filtered resources.
2017-10-15 23:20:57,581 [Worker-12] INFO  o.e.m.c.i.embedder.EclipseLogger - skip non existing resourceDirectory C:\Users\RaghuSarik\APITesting\com.org.api\src\main\resources
2017-10-15 23:20:57,584 [Worker-12] INFO  o.e.m.c.i.embedder.EclipseLogger - Using 'UTF-8' encoding to copy filtered resources.
2017-10-15 23:20:57,585 [Worker-12] INFO  o.e.m.c.i.embedder.EclipseLogger - skip non existing resourceDirectory C:\Users\RaghuSarik\APITesting\com.org.api\src\test\resources
2017-10-15 23:28:01,455 [Worker-18] INFO  o.e.m.c.i.embedder.EclipseLogger - Using 'UTF-8' encoding to copy filtered resources.
2017-10-15 23:28:01,455 [Worker-18] INFO  o.e.m.c.i.embedder.EclipseLogger - skip non existing resourceDirectory C:\Users\RaghuSarik\APITesting\com.org.api\src\main\resources
2017-10-15 23:28:01,456 [Worker-18] INFO  o.e.m.c.i.embedder.EclipseLogger - Using 'UTF-8' encoding to copy filtered resources.
2017-10-15 23:28:01,456 [Worker-18] INFO  o.e.m.c.i.embedder.EclipseLogger - skip non existing resourceDirectory C:\Users\RaghuSarik\APITesting\com.org.api\src\test\resources
2017-10-15 23:31:22,818 [Worker-19] INFO  o.e.m.c.i.embedder.EclipseLogger - Using 'UTF-8' encoding to copy filtered resources.
2017-10-15 23:31:22,818 [Worker-19] INFO  o.e.m.c.i.embedder.EclipseLogger - skip non existing resourceDirectory C:\Users\RaghuSarik\APITesting\com.org.api\src\main\resources
2017-10-15 23:31:22,819 [Worker-19] INFO  o.e.m.c.i.embedder.EclipseLogger - Using 'UTF-8' encoding to copy filtered resources.
2017-10-15 23:31:22,819 [Worker-19] INFO  o.e.m.c.i.embedder.EclipseLogger - skip non existing resourceDirectory C:\Users\RaghuSarik\APITesting\com.org.api\src\test\resources
2017-10-15 23:31:38,935 [Worker-18] INFO  o.e.m.c.i.embedder.EclipseLogger - Using 'UTF-8' encoding to copy filtered resources.
2017-10-15 23:31:38,935 [Worker-18] INFO  o.e.m.c.i.embedder.EclipseLogger - skip non existing resourceDirectory C:\Users\RaghuSarik\APITesting\com.org.api\src\main\resources
2017-10-15 23:31:38,937 [Worker-18] INFO  o.e.m.c.i.embedder.EclipseLogger - Using 'UTF-8' encoding to copy filtered resources.
2017-10-15 23:31:38,937 [Worker-18] INFO  o.e.m.c.i.embedder.EclipseLogger - skip non existing resourceDirectory C:\Users\RaghuSarik\APITesting\com.org.api\src\test\resources
2017-10-15 23:33:27,657 [Worker-20] INFO  o.e.m.c.i.embedder.EclipseLogger - Using 'UTF-8' encoding to copy filtered resources.
2017-10-15 23:33:27,658 [Worker-20] INFO  o.e.m.c.i.embedder.EclipseLogger - skip non existing resourceDirectory C:\Users\RaghuSarik\APITesting\com.org.api\src\main\resources
2017-10-15 23:33:27,660 [Worker-20] INFO  o.e.m.c.i.embedder.EclipseLogger - Using 'UTF-8' encoding to copy filtered resources.
2017-10-15 23:33:27,660 [Worker-20] INFO  o.e.m.c.i.embedder.EclipseLogger - skip non existing resourceDirectory C:\Users\RaghuSarik\APITesting\com.org.api\src\test\resources
2017-10-15 23:33:57,190 [Worker-20] INFO  o.e.m.c.i.embedder.EclipseLogger - Using 'UTF-8' encoding to copy filtered resources.
2017-10-15 23:33:57,191 [Worker-20] INFO  o.e.m.c.i.embedder.EclipseLogger - skip non existing resourceDirectory C:\Users\RaghuSarik\APITesting\com.org.api\src\main\resources
2017-10-15 23:33:57,192 [Worker-20] INFO  o.e.m.c.i.embedder.EclipseLogger - Using 'UTF-8' encoding to copy filtered resources.
2017-10-15 23:33:57,192 [Worker-20] INFO  o.e.m.c.i.embedder.EclipseLogger - skip non existing resourceDirectory C:\Users\RaghuSarik\APITesting\com.org.api\src\test\resources
2017-10-15 23:34:02,148 [Worker-18] INFO  o.e.m.c.i.embedder.EclipseLogger - Using 'UTF-8' encoding to copy filtered resources.
2017-10-15 23:34:02,148 [Worker-18] INFO  o.e.m.c.i.embedder.EclipseLogger - skip non existing resourceDirectory C:\Users\RaghuSarik\APITesting\com.org.api\src\main\resources
2017-10-15 23:34:02,150 [Worker-18] INFO  o.e.m.c.i.embedder.EclipseLogger - Using 'UTF-8' encoding to copy filtered resources.
2017-10-15 23:34:02,150 [Worker-18] INFO  o.e.m.c.i.embedder.EclipseLogger - skip non existing resourceDirectory C:\Users\RaghuSarik\APITesting\com.org.api\src\test\resources
2017-10-15 23:34:05,934 [Worker-15] INFO  o.e.m.c.i.embedder.EclipseLogger - Using 'UTF-8' encoding to copy filtered resources.
2017-10-15 23:34:05,935 [Worker-15] INFO  o.e.m.c.i.embedder.EclipseLogger - skip non existing resourceDirectory C:\Users\RaghuSarik\APITesting\com.org.api\src\main\resources
2017-10-15 23:34:05,936 [Worker-15] INFO  o.e.m.c.i.embedder.EclipseLogger - Using 'UTF-8' encoding to copy filtered resources.
2017-10-15 23:34:05,936 [Worker-15] INFO  o.e.m.c.i.embedder.EclipseLogger - skip non existing resourceDirectory C:\Users\RaghuSarik\APITesting\com.org.api\src\test\resources
2017-10-15 23:40:47,252 [Worker-23] INFO  o.e.m.c.i.embedder.EclipseLogger - Using 'UTF-8' encoding to copy filtered resources.
2017-10-15 23:40:47,253 [Worker-23] INFO  o.e.m.c.i.embedder.EclipseLogger - skip non existing resourceDirectory C:\Users\RaghuSarik\APITesting\com.org.api\src\main\resources
2017-10-15 23:40:47,255 [Worker-23] INFO  o.e.m.c.i.embedder.EclipseLogger - Using 'UTF-8' encoding to copy filtered resources.
2017-10-15 23:40:47,255 [Worker-23] INFO  o.e.m.c.i.embedder.EclipseLogger - skip non existing resourceDirectory C:\Users\RaghuSarik\APITesting\com.org.api\src\test\resources
2017-10-15 23:40:55,591 [Worker-15] INFO  o.e.m.c.i.embedder.EclipseLogger - Using 'UTF-8' encoding to copy filtered resources.
2017-10-15 23:40:55,591 [Worker-15] INFO  o.e.m.c.i.embedder.EclipseLogger - skip non existing resourceDirectory C:\Users\RaghuSarik\APITesting\com.org.api\src\main\resources
2017-10-15 23:40:55,593 [Worker-15] INFO  o.e.m.c.i.embedder.EclipseLogger - Using 'UTF-8' encoding to copy filtered resources.
2017-10-15 23:40:55,593 [Worker-15] INFO  o.e.m.c.i.embedder.EclipseLogger - skip non existing resourceDirectory C:\Users\RaghuSarik\APITesting\com.org.api\src\test\resources
2017-10-15 23:41:19,837 [Worker-18] INFO  o.e.m.c.i.embedder.EclipseLogger - Using 'UTF-8' encoding to copy filtered resources.
2017-10-15 23:41:19,838 [Worker-18] INFO  o.e.m.c.i.embedder.EclipseLogger - skip non existing resourceDirectory C:\Users\RaghuSarik\APITesting\com.org.api\src\main\resources
2017-10-15 23:41:19,840 [Worker-18] INFO  o.e.m.c.i.embedder.EclipseLogger - Using 'UTF-8' encoding to copy filtered resources.
2017-10-15 23:41:19,840 [Worker-18] INFO  o.e.m.c.i.embedder.EclipseLogger - skip non existing resourceDirectory C:\Users\RaghuSarik\APITesting\com.org.api\src\test\resources
2017-10-15 23:42:06,132 [Worker-18] INFO  o.e.m.c.i.embedder.EclipseLogger - Using 'UTF-8' encoding to copy filtered resources.
2017-10-15 23:42:06,132 [Worker-18] INFO  o.e.m.c.i.embedder.EclipseLogger - skip non existing resourceDirectory C:\Users\RaghuSarik\APITesting\com.org.api\src\main\resources
2017-10-15 23:42:06,134 [Worker-18] INFO  o.e.m.c.i.embedder.EclipseLogger - Using 'UTF-8' encoding to copy filtered resources.
2017-10-15 23:42:06,134 [Worker-18] INFO  o.e.m.c.i.embedder.EclipseLogger - skip non existing resourceDirectory C:\Users\RaghuSarik\APITesting\com.org.api\src\test\resources
2017-10-15 23:42:37,678 [Worker-23] INFO  o.e.m.c.i.embedder.EclipseLogger - Using 'UTF-8' encoding to copy filtered resources.
2017-10-15 23:42:37,679 [Worker-23] INFO  o.e.m.c.i.embedder.EclipseLogger - skip non existing resourceDirectory C:\Users\RaghuSarik\APITesting\com.org.api\src\main\resources
2017-10-15 23:42:37,680 [Worker-23] INFO  o.e.m.c.i.embedder.EclipseLogger - Using 'UTF-8' encoding to copy filtered resources.
2017-10-15 23:42:37,680 [Worker-23] INFO  o.e.m.c.i.embedder.EclipseLogger - skip non existing resourceDirectory C:\Users\RaghuSarik\APITesting\com.org.api\src\test\resources
2017-10-15 23:43:01,549 [Worker-26] INFO  o.e.m.c.i.embedder.EclipseLogger - Using 'UTF-8' encoding to copy filtered resources.
2017-10-15 23:43:01,549 [Worker-26] INFO  o.e.m.c.i.embedder.EclipseLogger - skip non existing resourceDirectory C:\Users\RaghuSarik\APITesting\com.org.api\src\main\resources
2017-10-15 23:43:01,551 [Worker-26] INFO  o.e.m.c.i.embedder.EclipseLogger - Using 'UTF-8' encoding to copy filtered resources.
2017-10-15 23:43:01,551 [Worker-26] INFO  o.e.m.c.i.embedder.EclipseLogger - skip non existing resourceDirectory C:\Users\RaghuSarik\APITesting\com.org.api\src\test\resources
2017-10-15 23:43:29,118 [Worker-15] INFO  o.e.m.c.i.embedder.EclipseLogger - Using 'UTF-8' encoding to copy filtered resources.
2017-10-15 23:43:29,119 [Worker-15] INFO  o.e.m.c.i.embedder.EclipseLogger - skip non existing resourceDirectory C:\Users\RaghuSarik\APITesting\com.org.api\src\main\resources
2017-10-15 23:43:29,120 [Worker-15] INFO  o.e.m.c.i.embedder.EclipseLogger - Using 'UTF-8' encoding to copy filtered resources.
2017-10-15 23:43:29,120 [Worker-15] INFO  o.e.m.c.i.embedder.EclipseLogger - skip non existing resourceDirectory C:\Users\RaghuSarik\APITesting\com.org.api\src\test\resources
2017-10-15 23:44:32,971 [Worker-23] INFO  o.e.m.c.i.embedder.EclipseLogger - Using 'UTF-8' encoding to copy filtered resources.
2017-10-15 23:44:32,972 [Worker-23] INFO  o.e.m.c.i.embedder.EclipseLogger - skip non existing resourceDirectory C:\Users\RaghuSarik\APITesting\com.org.api\src\main\resources
2017-10-15 23:44:32,976 [Worker-23] INFO  o.e.m.c.i.embedder.EclipseLogger - Using 'UTF-8' encoding to copy filtered resources.
2017-10-15 23:44:32,976 [Worker-23] INFO  o.e.m.c.i.embedder.EclipseLogger - skip non existing resourceDirectory C:\Users\RaghuSarik\APITesting\com.org.api\src\test\resources
2017-10-15 23:44:54,277 [Worker-18] INFO  o.e.m.c.i.embedder.EclipseLogger - Using 'UTF-8' encoding to copy filtered resources.
2017-10-15 23:44:54,278 [Worker-18] INFO  o.e.m.c.i.embedder.EclipseLogger - skip non existing resourceDirectory C:\Users\RaghuSarik\APITesting\com.org.api\src\main\resources
2017-10-15 23:44:54,279 [Worker-18] INFO  o.e.m.c.i.embedder.EclipseLogger - Using 'UTF-8' encoding to copy filtered resources.
2017-10-15 23:44:54,279 [Worker-18] INFO  o.e.m.c.i.embedder.EclipseLogger - skip non existing resourceDirectory C:\Users\RaghuSarik\APITesting\com.org.api\src\test\resources
2017-10-15 23:52:04,086 [Worker-28] INFO  o.e.m.c.i.embedder.EclipseLogger - Using 'UTF-8' encoding to copy filtered resources.
2017-10-15 23:52:04,087 [Worker-28] INFO  o.e.m.c.i.embedder.EclipseLogger - skip non existing resourceDirectory C:\Users\RaghuSarik\APITesting\com.org.api\src\main\resources
2017-10-15 23:52:04,088 [Worker-28] INFO  o.e.m.c.i.embedder.EclipseLogger - Using 'UTF-8' encoding to copy filtered resources.
2017-10-15 23:52:04,088 [Worker-28] INFO  o.e.m.c.i.embedder.EclipseLogger - skip non existing resourceDirectory C:\Users\RaghuSarik\APITesting\com.org.api\src\test\resources
2017-10-15 23:52:35,602 [Worker-29] INFO  o.e.m.c.i.embedder.EclipseLogger - Using 'UTF-8' encoding to copy filtered resources.
2017-10-15 23:52:35,602 [Worker-29] INFO  o.e.m.c.i.embedder.EclipseLogger - skip non existing resourceDirectory C:\Users\RaghuSarik\APITesting\com.org.api\src\main\resources
2017-10-15 23:52:35,604 [Worker-29] INFO  o.e.m.c.i.embedder.EclipseLogger - Using 'UTF-8' encoding to copy filtered resources.
2017-10-15 23:52:35,604 [Worker-29] INFO  o.e.m.c.i.embedder.EclipseLogger - skip non existing resourceDirectory C:\Users\RaghuSarik\APITesting\com.org.api\src\test\resources
2017-10-15 23:52:47,302 [Worker-31] INFO  o.e.m.c.i.embedder.EclipseLogger - Using 'UTF-8' encoding to copy filtered resources.
2017-10-15 23:52:47,302 [Worker-31] INFO  o.e.m.c.i.embedder.EclipseLogger - skip non existing resourceDirectory C:\Users\RaghuSarik\APITesting\com.org.api\src\main\resources
2017-10-15 23:52:47,304 [Worker-31] INFO  o.e.m.c.i.embedder.EclipseLogger - Using 'UTF-8' encoding to copy filtered resources.
2017-10-15 23:52:47,304 [Worker-31] INFO  o.e.m.c.i.embedder.EclipseLogger - skip non existing resourceDirectory C:\Users\RaghuSarik\APITesting\com.org.api\src\test\resources
2017-10-15 23:53:11,939 [Worker-30] INFO  o.e.m.c.i.embedder.EclipseLogger - Using 'UTF-8' encoding to copy filtered resources.
2017-10-15 23:53:11,940 [Worker-30] INFO  o.e.m.c.i.embedder.EclipseLogger - skip non existing resourceDirectory C:\Users\RaghuSarik\APITesting\com.org.api\src\main\resources
2017-10-15 23:53:11,942 [Worker-30] INFO  o.e.m.c.i.embedder.EclipseLogger - Using 'UTF-8' encoding to copy filtered resources.
2017-10-15 23:53:11,942 [Worker-30] INFO  o.e.m.c.i.embedder.EclipseLogger - skip non existing resourceDirectory C:\Users\RaghuSarik\APITesting\com.org.api\src\test\resources
2017-10-15 23:53:33,845 [Worker-30] INFO  o.e.m.c.i.embedder.EclipseLogger - Using 'UTF-8' encoding to copy filtered resources.
2017-10-15 23:53:33,845 [Worker-30] INFO  o.e.m.c.i.embedder.EclipseLogger - skip non existing resourceDirectory C:\Users\RaghuSarik\APITesting\com.org.api\src\main\resources
2017-10-15 23:53:33,846 [Worker-30] INFO  o.e.m.c.i.embedder.EclipseLogger - Using 'UTF-8' encoding to copy filtered resources.
2017-10-15 23:53:33,846 [Worker-30] INFO  o.e.m.c.i.embedder.EclipseLogger - skip non existing resourceDirectory C:\Users\RaghuSarik\APITesting\com.org.api\src\test\resources
2017-10-15 23:54:14,093 [Worker-18] INFO  o.e.m.c.i.embedder.EclipseLogger - Using 'UTF-8' encoding to copy filtered resources.
2017-10-15 23:54:14,093 [Worker-18] INFO  o.e.m.c.i.embedder.EclipseLogger - skip non existing resourceDirectory C:\Users\RaghuSarik\APITesting\com.org.api\src\main\resources
2017-10-15 23:54:14,094 [Worker-18] INFO  o.e.m.c.i.embedder.EclipseLogger - Using 'UTF-8' encoding to copy filtered resources.
2017-10-15 23:54:14,095 [Worker-18] INFO  o.e.m.c.i.embedder.EclipseLogger - skip non existing resourceDirectory C:\Users\RaghuSarik\APITesting\com.org.api\src\test\resources
2017-10-16 00:04:25,219 [Worker-30] INFO  o.e.m.c.i.embedder.EclipseLogger - Using 'UTF-8' encoding to copy filtered resources.
2017-10-16 00:04:25,220 [Worker-30] INFO  o.e.m.c.i.embedder.EclipseLogger - skip non existing resourceDirectory C:\Users\RaghuSarik\APITesting\com.org.api\src\main\resources
2017-10-16 00:04:25,221 [Worker-30] INFO  o.e.m.c.i.embedder.EclipseLogger - Using 'UTF-8' encoding to copy filtered resources.
2017-10-16 00:04:25,221 [Worker-30] INFO  o.e.m.c.i.embedder.EclipseLogger - skip non existing resourceDirectory C:\Users\RaghuSarik\APITesting\com.org.api\src\test\resources
2017-10-16 00:04:29,625 [Worker-30] INFO  o.e.m.c.i.embedder.EclipseLogger - Using 'UTF-8' encoding to copy filtered resources.
2017-10-16 00:04:29,626 [Worker-30] INFO  o.e.m.c.i.embedder.EclipseLogger - skip non existing resourceDirectory C:\Users\RaghuSarik\APITesting\com.org.api\src\main\resources
2017-10-16 00:04:29,627 [Worker-30] INFO  o.e.m.c.i.embedder.EclipseLogger - Using 'UTF-8' encoding to copy filtered resources.
2017-10-16 00:04:29,627 [Worker-30] INFO  o.e.m.c.i.embedder.EclipseLogger - skip non existing resourceDirectory C:\Users\RaghuSarik\APITesting\com.org.api\src\test\resources
2017-10-16 00:05:20,131 [Worker-35] INFO  o.e.m.c.i.embedder.EclipseLogger - Using 'UTF-8' encoding to copy filtered resources.
2017-10-16 00:05:20,132 [Worker-35] INFO  o.e.m.c.i.embedder.EclipseLogger - skip non existing resourceDirectory C:\Users\RaghuSarik\APITesting\com.org.api\src\main\resources
2017-10-16 00:05:20,133 [Worker-35] INFO  o.e.m.c.i.embedder.EclipseLogger - Using 'UTF-8' encoding to copy filtered resources.
2017-10-16 00:05:20,134 [Worker-35] INFO  o.e.m.c.i.embedder.EclipseLogger - skip non existing resourceDirectory C:\Users\RaghuSarik\APITesting\com.org.api\src\test\resources
2017-10-16 00:06:29,410 [Worker-30] INFO  o.e.m.c.i.embedder.EclipseLogger - Using 'UTF-8' encoding to copy filtered resources.
2017-10-16 00:06:29,411 [Worker-30] INFO  o.e.m.c.i.embedder.EclipseLogger - skip non existing resourceDirectory C:\Users\RaghuSarik\APITesting\com.org.api\src\main\resources
2017-10-16 00:06:29,411 [Worker-30] INFO  o.e.m.c.i.embedder.EclipseLogger - Using 'UTF-8' encoding to copy filtered resources.
2017-10-16 00:06:29,411 [Worker-30] INFO  o.e.m.c.i.embedder.EclipseLogger - skip non existing resourceDirectory C:\Users\RaghuSarik\APITesting\com.org.api\src\test\resources
2017-10-16 00:08:46,504 [Worker-37] INFO  o.e.m.c.i.embedder.EclipseLogger - Using 'UTF-8' encoding to copy filtered resources.
2017-10-16 00:08:46,505 [Worker-37] INFO  o.e.m.c.i.embedder.EclipseLogger - skip non existing resourceDirectory C:\Users\RaghuSarik\APITesting\com.org.api\src\main\resources
2017-10-16 00:08:46,506 [Worker-37] INFO  o.e.m.c.i.embedder.EclipseLogger - Using 'UTF-8' encoding to copy filtered resources.
2017-10-16 00:08:46,506 [Worker-37] INFO  o.e.m.c.i.embedder.EclipseLogger - skip non existing resourceDirectory C:\Users\RaghuSarik\APITesting\com.org.api\src\test\resources
2017-10-16 00:11:32,831 [Worker-37] INFO  o.e.m.c.i.embedder.EclipseLogger - Using 'UTF-8' encoding to copy filtered resources.
2017-10-16 00:11:32,831 [Worker-37] INFO  o.e.m.c.i.embedder.EclipseLogger - skip non existing resourceDirectory C:\Users\RaghuSarik\APITesting\com.org.api\src\main\resources
2017-10-16 00:11:32,832 [Worker-37] INFO  o.e.m.c.i.embedder.EclipseLogger - Using 'UTF-8' encoding to copy filtered resources.
2017-10-16 00:11:32,833 [Worker-37] INFO  o.e.m.c.i.embedder.EclipseLogger - skip non existing resourceDirectory C:\Users\RaghuSarik\APITesting\com.org.api\src\test\resources
2017-10-16 01:30:45,897 [Worker-45] INFO  o.e.m.c.i.embedder.EclipseLogger - Using 'UTF-8' encoding to copy filtered resources.
2017-10-16 01:30:45,897 [Worker-45] INFO  o.e.m.c.i.embedder.EclipseLogger - skip non existing resourceDirectory C:\Users\RaghuSarik\APITesting\com.org.api\src\main\resources
2017-10-16 01:30:45,897 [Worker-45] INFO  o.e.m.c.i.embedder.EclipseLogger - Using 'UTF-8' encoding to copy filtered resources.
2017-10-16 01:30:45,897 [Worker-45] INFO  o.e.m.c.i.embedder.EclipseLogger - skip non existing resourceDirectory C:\Users\RaghuSarik\APITesting\com.org.api\src\test\resources
2017-10-24 20:12:16,191 [Worker-7] INFO  o.e.m.c.i.embedder.EclipseLogger - Using 'UTF-8' encoding to copy filtered resources.
2017-10-24 20:12:16,207 [Worker-7] INFO  o.e.m.c.i.embedder.EclipseLogger - skip non existing resourceDirectory C:\Users\RaghuSarik\APITesting\com.org.api\src\main\resources
2017-10-24 20:12:16,207 [Worker-7] INFO  o.e.m.c.i.embedder.EclipseLogger - Using 'UTF-8' encoding to copy filtered resources.
2017-10-24 20:12:16,207 [Worker-7] INFO  o.e.m.c.i.embedder.EclipseLogger - skip non existing resourceDirectory C:\Users\RaghuSarik\APITesting\com.org.api\src\test\resources
2017-10-24 20:12:26,728 [Worker-3] INFO  o.e.m.c.i.embedder.EclipseLogger - Using 'UTF-8' encoding to copy filtered resources.
2017-10-24 20:12:26,728 [Worker-3] INFO  o.e.m.c.i.embedder.EclipseLogger - skip non existing resourceDirectory C:\Users\RaghuSarik\APITesting\com.org.api\src\main\resources
2017-10-24 20:12:26,728 [Worker-3] INFO  o.e.m.c.i.embedder.EclipseLogger - Using 'UTF-8' encoding to copy filtered resources.
2017-10-24 20:12:26,728 [Worker-3] INFO  o.e.m.c.i.embedder.EclipseLogger - skip non existing resourceDirectory C:\Users\RaghuSarik\APITesting\com.org.api\src\test\resources
2017-10-24 20:12:48,572 [Worker-7] INFO  o.e.m.c.i.embedder.EclipseLogger - Using 'UTF-8' encoding to copy filtered resources.
2017-10-24 20:12:48,572 [Worker-7] INFO  o.e.m.c.i.embedder.EclipseLogger - skip non existing resourceDirectory C:\Users\RaghuSarik\APITesting\com.org.api\src\main\resources
2017-10-24 20:12:48,572 [Worker-7] INFO  o.e.m.c.i.embedder.EclipseLogger - Using 'UTF-8' encoding to copy filtered resources.
2017-10-24 20:12:48,572 [Worker-7] INFO  o.e.m.c.i.embedder.EclipseLogger - skip non existing resourceDirectory C:\Users\RaghuSarik\APITesting\com.org.api\src\test\resources
2017-10-24 20:15:10,603 [Worker-7] INFO  o.e.m.c.i.embedder.EclipseLogger - Using 'UTF-8' encoding to copy filtered resources.
2017-10-24 20:15:10,603 [Worker-7] INFO  o.e.m.c.i.embedder.EclipseLogger - skip non existing resourceDirectory C:\Users\RaghuSarik\APITesting\com.org.api\src\main\resources
2017-10-24 20:15:10,603 [Worker-7] INFO  o.e.m.c.i.embedder.EclipseLogger - Using 'UTF-8' encoding to copy filtered resources.
2017-10-24 20:15:10,603 [Worker-7] INFO  o.e.m.c.i.embedder.EclipseLogger - skip non existing resourceDirectory C:\Users\RaghuSarik\APITesting\com.org.api\src\test\resources
2017-10-24 20:18:24,291 [Worker-9] INFO  o.e.m.c.i.embedder.EclipseLogger - Using 'UTF-8' encoding to copy filtered resources.
2017-10-24 20:18:24,291 [Worker-9] INFO  o.e.m.c.i.embedder.EclipseLogger - skip non existing resourceDirectory C:\Users\RaghuSarik\APITesting\com.org.api\src\main\resources
2017-10-24 20:18:24,306 [Worker-9] INFO  o.e.m.c.i.embedder.EclipseLogger - Using 'UTF-8' encoding to copy filtered resources.
2017-10-24 20:18:24,306 [Worker-9] INFO  o.e.m.c.i.embedder.EclipseLogger - skip non existing resourceDirectory C:\Users\RaghuSarik\APITesting\com.org.api\src\test\resources
2017-10-24 20:19:06,752 [Worker-11] INFO  o.e.m.c.i.embedder.EclipseLogger - Using 'UTF-8' encoding to copy filtered resources.
2017-10-24 20:19:06,752 [Worker-11] INFO  o.e.m.c.i.embedder.EclipseLogger - skip non existing resourceDirectory C:\Users\RaghuSarik\APITesting\com.org.api\src\main\resources
2017-10-24 20:19:06,752 [Worker-11] INFO  o.e.m.c.i.embedder.EclipseLogger - Using 'UTF-8' encoding to copy filtered resources.
2017-10-24 20:19:06,752 [Worker-11] INFO  o.e.m.c.i.embedder.EclipseLogger - skip non existing resourceDirectory C:\Users\RaghuSarik\APITesting\com.org.api\src\test\resources
2017-10-24 20:19:21,150 [Worker-10] INFO  o.e.m.c.i.embedder.EclipseLogger - Using 'UTF-8' encoding to copy filtered resources.
2017-10-24 20:19:21,150 [Worker-10] INFO  o.e.m.c.i.embedder.EclipseLogger - skip non existing resourceDirectory C:\Users\RaghuSarik\APITesting\com.org.api\src\main\resources
2017-10-24 20:19:21,166 [Worker-10] INFO  o.e.m.c.i.embedder.EclipseLogger - Using 'UTF-8' encoding to copy filtered resources.
2017-10-24 20:19:21,166 [Worker-10] INFO  o.e.m.c.i.embedder.EclipseLogger - skip non existing resourceDirectory C:\Users\RaghuSarik\APITesting\com.org.api\src\test\resources
2017-10-24 20:22:10,948 [Worker-11] INFO  o.e.m.c.i.embedder.EclipseLogger - Using 'UTF-8' encoding to copy filtered resources.
2017-10-24 20:22:10,948 [Worker-11] INFO  o.e.m.c.i.embedder.EclipseLogger - skip non existing resourceDirectory C:\Users\RaghuSarik\APITesting\com.org.api\src\main\resources
2017-10-24 20:22:10,948 [Worker-11] INFO  o.e.m.c.i.embedder.EclipseLogger - Using 'UTF-8' encoding to copy filtered resources.
2017-10-24 20:22:10,948 [Worker-11] INFO  o.e.m.c.i.embedder.EclipseLogger - skip non existing resourceDirectory C:\Users\RaghuSarik\APITesting\com.org.api\src\test\resources
2017-10-24 20:24:12,440 [Worker-4] INFO  o.e.m.c.i.embedder.EclipseLogger - Using 'UTF-8' encoding to copy filtered resources.
2017-10-24 20:24:12,440 [Worker-4] INFO  o.e.m.c.i.embedder.EclipseLogger - skip non existing resourceDirectory C:\Users\RaghuSarik\APITesting\com.org.api\src\main\resources
2017-10-24 20:24:12,456 [Worker-4] INFO  o.e.m.c.i.embedder.EclipseLogger - Using 'UTF-8' encoding to copy filtered resources.
2017-10-24 20:24:12,456 [Worker-4] INFO  o.e.m.c.i.embedder.EclipseLogger - skip non existing resourceDirectory C:\Users\RaghuSarik\APITesting\com.org.api\src\test\resources
2017-10-24 20:24:28,073 [Worker-10] INFO  o.e.m.c.i.embedder.EclipseLogger - Using 'UTF-8' encoding to copy filtered resources.
2017-10-24 20:24:28,073 [Worker-10] INFO  o.e.m.c.i.embedder.EclipseLogger - skip non existing resourceDirectory C:\Users\RaghuSarik\APITesting\com.org.api\src\main\resources
2017-10-24 20:24:28,073 [Worker-10] INFO  o.e.m.c.i.embedder.EclipseLogger - Using 'UTF-8' encoding to copy filtered resources.
2017-10-24 20:24:28,073 [Worker-10] INFO  o.e.m.c.i.embedder.EclipseLogger - skip non existing resourceDirectory C:\Users\RaghuSarik\APITesting\com.org.api\src\test\resources
2017-10-24 23:37:26,573 [Worker-1] INFO  o.e.m.c.i.embedder.EclipseLogger - Using 'UTF-8' encoding to copy filtered resources.
2017-10-24 23:37:26,588 [Worker-1] INFO  o.e.m.c.i.embedder.EclipseLogger - skip non existing resourceDirectory C:\Users\RaghuSarik\APITesting\com.org.api\src\main\resources
2017-10-24 23:37:26,604 [Worker-1] INFO  o.e.m.c.i.embedder.EclipseLogger - Using 'UTF-8' encoding to copy filtered resources.
2017-10-24 23:37:26,604 [Worker-1] INFO  o.e.m.c.i.embedder.EclipseLogger - skip non existing resourceDirectory C:\Users\RaghuSarik\APITesting\com.org.api\src\test\resources
2017-10-24 23:44:06,700 [Worker-4] INFO  o.e.m.c.i.embedder.EclipseLogger - Using 'UTF-8' encoding to copy filtered resources.
2017-10-24 23:44:06,701 [Worker-4] INFO  o.e.m.c.i.embedder.EclipseLogger - skip non existing resourceDirectory C:\Users\RaghuSarik\APITesting\com.org.api\src\main\resources
2017-10-24 23:44:06,702 [Worker-4] INFO  o.e.m.c.i.embedder.EclipseLogger - Using 'UTF-8' encoding to copy filtered resources.
2017-10-24 23:44:06,703 [Worker-4] INFO  o.e.m.c.i.embedder.EclipseLogger - skip non existing resourceDirectory C:\Users\RaghuSarik\APITesting\com.org.api\src\test\resources
2017-10-24 23:44:19,509 [Worker-7] INFO  o.e.m.c.i.embedder.EclipseLogger - Using 'UTF-8' encoding to copy filtered resources.
2017-10-24 23:44:19,509 [Worker-7] INFO  o.e.m.c.i.embedder.EclipseLogger - skip non existing resourceDirectory C:\Users\RaghuSarik\APITesting\com.org.api\src\main\resources
2017-10-24 23:44:19,516 [Worker-7] INFO  o.e.m.c.i.embedder.EclipseLogger - Using 'UTF-8' encoding to copy filtered resources.
2017-10-24 23:44:19,516 [Worker-7] INFO  o.e.m.c.i.embedder.EclipseLogger - skip non existing resourceDirectory C:\Users\RaghuSarik\APITesting\com.org.api\src\test\resources
2017-10-24 23:47:16,408 [Worker-6] INFO  o.e.m.c.i.embedder.EclipseLogger - Using 'UTF-8' encoding to copy filtered resources.
2017-10-24 23:47:16,408 [Worker-6] INFO  o.e.m.c.i.embedder.EclipseLogger - skip non existing resourceDirectory C:\Users\RaghuSarik\APITesting\com.org.api\src\main\resources
2017-10-24 23:47:16,410 [Worker-6] INFO  o.e.m.c.i.embedder.EclipseLogger - Using 'UTF-8' encoding to copy filtered resources.
2017-10-24 23:47:16,410 [Worker-6] INFO  o.e.m.c.i.embedder.EclipseLogger - skip non existing resourceDirectory C:\Users\RaghuSarik\APITesting\com.org.api\src\test\resources
2017-10-24 23:47:35,962 [Worker-10] INFO  o.e.m.c.i.embedder.EclipseLogger - Using 'UTF-8' encoding to copy filtered resources.
2017-10-24 23:47:35,963 [Worker-10] INFO  o.e.m.c.i.embedder.EclipseLogger - skip non existing resourceDirectory C:\Users\RaghuSarik\APITesting\com.org.api\src\main\resources
2017-10-24 23:47:35,965 [Worker-10] INFO  o.e.m.c.i.embedder.EclipseLogger - Using 'UTF-8' encoding to copy filtered resources.
2017-10-24 23:47:35,965 [Worker-10] INFO  o.e.m.c.i.embedder.EclipseLogger - skip non existing resourceDirectory C:\Users\RaghuSarik\APITesting\com.org.api\src\test\resources
2017-10-24 23:48:11,252 [Worker-9] INFO  o.e.m.c.i.embedder.EclipseLogger - Using 'UTF-8' encoding to copy filtered resources.
2017-10-24 23:48:11,252 [Worker-9] INFO  o.e.m.c.i.embedder.EclipseLogger - skip non existing resourceDirectory C:\Users\RaghuSarik\APITesting\com.org.api\src\main\resources
2017-10-24 23:48:11,254 [Worker-9] INFO  o.e.m.c.i.embedder.EclipseLogger - Using 'UTF-8' encoding to copy filtered resources.
2017-10-24 23:48:11,254 [Worker-9] INFO  o.e.m.c.i.embedder.EclipseLogger - skip non existing resourceDirectory C:\Users\RaghuSarik\APITesting\com.org.api\src\test\resources
2017-10-25 00:12:46,801 [Worker-8] INFO  o.e.m.c.i.embedder.EclipseLogger - Using 'UTF-8' encoding to copy filtered resources.
2017-10-25 00:12:46,802 [Worker-8] INFO  o.e.m.c.i.embedder.EclipseLogger - skip non existing resourceDirectory C:\Users\RaghuSarik\APITesting\com.org.api\src\main\resources
2017-10-25 00:12:46,804 [Worker-8] INFO  o.e.m.c.i.embedder.EclipseLogger - Using 'UTF-8' encoding to copy filtered resources.
2017-10-25 00:12:46,804 [Worker-8] INFO  o.e.m.c.i.embedder.EclipseLogger - skip non existing resourceDirectory C:\Users\RaghuSarik\APITesting\com.org.api\src\test\resources
2017-10-25 00:24:40,399 [Worker-9] INFO  o.e.m.c.i.embedder.EclipseLogger - Using 'UTF-8' encoding to copy filtered resources.
2017-10-25 00:24:40,400 [Worker-9] INFO  o.e.m.c.i.embedder.EclipseLogger - skip non existing resourceDirectory C:\Users\RaghuSarik\APITesting\com.org.api\src\main\resources
2017-10-25 00:24:40,402 [Worker-9] INFO  o.e.m.c.i.embedder.EclipseLogger - Using 'UTF-8' encoding to copy filtered resources.
2017-10-25 00:24:40,402 [Worker-9] INFO  o.e.m.c.i.embedder.EclipseLogger - skip non existing resourceDirectory C:\Users\RaghuSarik\APITesting\com.org.api\src\test\resources
2017-10-25 00:25:28,495 [Worker-2] INFO  o.e.m.c.i.embedder.EclipseLogger - Using 'UTF-8' encoding to copy filtered resources.
2017-10-25 00:25:28,496 [Worker-2] INFO  o.e.m.c.i.embedder.EclipseLogger - skip non existing resourceDirectory C:\Users\RaghuSarik\APITesting\com.org.api\src\main\resources
2017-10-25 00:25:28,497 [Worker-2] INFO  o.e.m.c.i.embedder.EclipseLogger - Using 'UTF-8' encoding to copy filtered resources.
2017-10-25 00:25:28,498 [Worker-2] INFO  o.e.m.c.i.embedder.EclipseLogger - skip non existing resourceDirectory C:\Users\RaghuSarik\APITesting\com.org.api\src\test\resources
